<?xml version="1.0" encoding="UTF-8"?>
<!-- Generated by org.testng.reporters.JUnitReportReporter -->
<testsuite hostname="DESKTOP-2LPG92S" failures="0" tests="4" name="AutomationPractice.page.SignUp" time="73.114" errors="0" timestamp="2020-07-26T16:12:23 CEST" skipped="0">
  <testcase classname="AutomationPractice.page.SignUp" name="verifyLogin" time="37.631"/>
  <system-out/>
  <testcase classname="AutomationPractice.page.SignUp" name="WishList" time="14.395"/>
  <system-out/>
  <testcase classname="AutomationPractice.page.SignUp" name="DeleteList" time="5.935"/>
  <system-out/>
  <testcase classname="AutomationPractice.page.SignUp" name="AddItemToWishList" time="15.153"/>
  <system-out/>
</testsuite> <!-- AutomationPractice.page.SignUp -->
